This file contains any messages produced by compilers while
running configure, to aid debugging if configure makes a mistake.

It was created by shc configure 3.9.6, which was
generated by GNU Autoconf 2.69.  Invocation command line was

  $ ./configure 

## --------- ##
## Platform. ##
## --------- ##

hostname = localhost.localdomain
uname -m = x86_64
uname -r = 3.10.0-693.el7.x86_64
uname -s = Linux
uname -v = #1 SMP Tue Aug 22 21:09:27 UTC 2017

/usr/bin/uname -p = x86_64
/bin/uname -X     = unknown

/bin/arch              = x86_64
/usr/bin/arch -k       = unknown
/usr/convex/getsysinfo = unknown
/usr/bin/hostinfo      = unknown
/bin/machine           = unknown
/usr/bin/oslevel       = unknown
/bin/universe          = unknown

PATH: /usr/local/sbin
PATH: /usr/local/bin
PATH: /usr/sbin
PATH: /usr/bin
PATH: /root/bin
PATH: /root/bin


## ----------- ##
## Core tests. ##
## ----------- ##

configure:2266: checking for a BSD-compatible install
configure:2334: result: /usr/bin/install -c
configure:2345: checking whether build environment is sane
configure:2400: result: yes
configure:2551: checking for a thread-safe mkdir -p
configure:2590: result: /usr/bin/mkdir -p
configure:2597: checking for gawk
configure:2613: found /usr/bin/gawk
configure:2624: result: gawk
configure:2635: checking whether make sets $(MAKE)
configure:2657: result: yes
configure:2686: checking whether make supports nested variables
configure:2703: result: yes
configure:2879: checking for gcc
configure:2895: found /usr/bin/gcc
configure:2906: result: gcc
configure:3135: checking for C compiler version
configure:3144: gcc --version >&5
gcc (GCC) 4.8.5 20150623 (Red Hat 4.8.5-36)
Copyright (C) 2015 Free Software Foundation, Inc.
This is free software; see the source for copying conditions.  There is NO
warranty; not even for MERCHANTABILITY or FITNESS FOR A PARTICULAR PURPOSE.

configure:3155: $? = 0
configure:3144: gcc -v >&5
Using built-in specs.
COLLECT_GCC=gcc
COLLECT_LTO_WRAPPER=/usr/libexec/gcc/x86_64-redhat-linux/4.8.5/lto-wrapper
Target: x86_64-redhat-linux
Configured with: ../configure --prefix=/usr --mandir=/usr/share/man --infodir=/usr/share/info --with-bugurl=http://bugzilla.redhat.com/bugzilla --enable-bootstrap --enable-shared --enable-threads=posix --enable-checking=release --with-system-zlib --enable-__cxa_atexit --disable-libunwind-exceptions --enable-gnu-unique-object --enable-linker-build-id --with-linker-hash-style=gnu --enable-languages=c,c++,objc,obj-c++,java,fortran,ada,go,lto --enable-plugin --enable-initfini-array --disable-libgcj --with-isl=/builddir/build/BUILD/gcc-4.8.5-20150702/obj-x86_64-redhat-linux/isl-install --with-cloog=/builddir/build/BUILD/gcc-4.8.5-20150702/obj-x86_64-redhat-linux/cloog-install --enable-gnu-indirect-function --with-tune=generic --with-arch_32=x86-64 --build=x86_64-redhat-linux
Thread model: posix
gcc version 4.8.5 20150623 (Red Hat 4.8.5-36) (GCC) 
configure:3155: $? = 0
configure:3144: gcc -V >&5
gcc: error: unrecognized command line option '-V'
gcc: fatal error: no input files
compilation terminated.
configure:3155: $? = 4
configure:3144: gcc -qversion >&5
gcc: error: unrecognized command line option '-qversion'
gcc: fatal error: no input files
compilation terminated.
configure:3155: $? = 4
configure:3175: checking whether the C compiler works
configure:3197: gcc    conftest.c  >&5
configure:3201: $? = 0
configure:3249: result: yes
configure:3252: checking for C compiler default output file name
configure:3254: result: a.out
configure:3260: checking for suffix of executables
configure:3267: gcc -o conftest    conftest.c  >&5
configure:3271: $? = 0
configure:3293: result: 
configure:3315: checking whether we are cross compiling
configure:3323: gcc -o conftest    conftest.c  >&5
configure:3327: $? = 0
configure:3334: ./conftest
configure:3338: $? = 0
configure:3353: result: no
configure:3358: checking for suffix of object files
configure:3380: gcc -c   conftest.c >&5
configure:3384: $? = 0
configure:3405: result: o
configure:3409: checking whether we are using the GNU C compiler
configure:3428: gcc -c   conftest.c >&5
configure:3428: $? = 0
configure:3437: result: yes
configure:3446: checking whether gcc accepts -g
configure:3466: gcc -c -g  conftest.c >&5
configure:3466: $? = 0
configure:3507: result: yes
configure:3524: checking for gcc option to accept ISO C89
configure:3587: gcc  -c -g -O2  conftest.c >&5
configure:3587: $? = 0
configure:3600: result: none needed
configure:3625: checking whether gcc understands -c and -o together
configure:3647: gcc -c conftest.c -o conftest2.o
configure:3650: $? = 0
configure:3647: gcc -c conftest.c -o conftest2.o
configure:3650: $? = 0
configure:3662: result: yes
configure:3690: checking for style of include used by make
configure:3718: result: GNU
configure:3744: checking dependency style of gcc
configure:3855: result: gcc3
configure:3881: checking how to run the C preprocessor
configure:3912: gcc -E  conftest.c
configure:3912: $? = 0
configure:3926: gcc -E  conftest.c
conftest.c:11:28: fatal error: ac_nonexistent.h: No such file or directory
 #include <ac_nonexistent.h>
                            ^
compilation terminated.
configure:3926: $? = 1
configure: failed program was:
| /* confdefs.h */
| #define PACKAGE_NAME "shc"
| #define PACKAGE_TARNAME "shc"
| #define PACKAGE_VERSION "3.9.6"
| #define PACKAGE_STRING "shc 3.9.6"
| #define PACKAGE_BUGREPORT "http://github.com/neurobin/shc/issues"
| #define PACKAGE_URL ""
| #define PACKAGE "shc"
| #define VERSION "3.9.6"
| /* end confdefs.h.  */
| #include <ac_nonexistent.h>
configure:3951: result: gcc -E
configure:3971: gcc -E  conftest.c
configure:3971: $? = 0
configure:3985: gcc -E  conftest.c
conftest.c:11:28: fatal error: ac_nonexistent.h: No such file or directory
 #include <ac_nonexistent.h>
                            ^
compilation terminated.
configure:3985: $? = 1
configure: failed program was:
| /* confdefs.h */
| #define PACKAGE_NAME "shc"
| #define PACKAGE_TARNAME "shc"
| #define PACKAGE_VERSION "3.9.6"
| #define PACKAGE_STRING "shc 3.9.6"
| #define PACKAGE_BUGREPORT "http://github.com/neurobin/shc/issues"
| #define PACKAGE_URL ""
| #define PACKAGE "shc"
| #define VERSION "3.9.6"
| /* end confdefs.h.  */
| #include <ac_nonexistent.h>
configure:4014: checking for grep that handles long lines and -e
configure:4072: result: /usr/bin/grep
configure:4077: checking for egrep
configure:4139: result: /usr/bin/grep -E
configure:4144: checking for ANSI C header files
configure:4164: gcc -c -g -O2  conftest.c >&5
configure:4164: $? = 0
configure:4237: gcc -o conftest -g -O2   conftest.c  >&5
configure:4237: $? = 0
configure:4237: ./conftest
configure:4237: $? = 0
configure:4248: result: yes
configure:4261: checking for sys/types.h
configure:4261: gcc -c -g -O2  conftest.c >&5
configure:4261: $? = 0
configure:4261: result: yes
configure:4261: checking for sys/stat.h
configure:4261: gcc -c -g -O2  conftest.c >&5
configure:4261: $? = 0
configure:4261: result: yes
configure:4261: checking for stdlib.h
configure:4261: gcc -c -g -O2  conftest.c >&5
configure:4261: $? = 0
configure:4261: result: yes
configure:4261: checking for string.h
configure:4261: gcc -c -g -O2  conftest.c >&5
configure:4261: $? = 0
configure:4261: result: yes
configure:4261: checking for memory.h
configure:4261: gcc -c -g -O2  conftest.c >&5
configure:4261: $? = 0
configure:4261: result: yes
configure:4261: checking for strings.h
configure:4261: gcc -c -g -O2  conftest.c >&5
configure:4261: $? = 0
configure:4261: result: yes
configure:4261: checking for inttypes.h
configure:4261: gcc -c -g -O2  conftest.c >&5
configure:4261: $? = 0
configure:4261: result: yes
configure:4261: checking for stdint.h
configure:4261: gcc -c -g -O2  conftest.c >&5
configure:4261: $? = 0
configure:4261: result: yes
configure:4261: checking for unistd.h
configure:4261: gcc -c -g -O2  conftest.c >&5
configure:4261: $? = 0
configure:4261: result: yes
configure:4276: checking fcntl.h usability
configure:4276: gcc -c -g -O2  conftest.c >&5
configure:4276: $? = 0
configure:4276: result: yes
configure:4276: checking fcntl.h presence
configure:4276: gcc -E  conftest.c
configure:4276: $? = 0
configure:4276: result: yes
configure:4276: checking for fcntl.h
configure:4276: result: yes
configure:4276: checking for stdlib.h
configure:4276: result: yes
configure:4276: checking for string.h
configure:4276: result: yes
configure:4276: checking for unistd.h
configure:4276: result: yes
configure:4288: checking for struct stat.st_rdev
configure:4288: gcc -c -g -O2  conftest.c >&5
configure:4288: $? = 0
configure:4288: result: yes
configure:4302: checking for stdlib.h
configure:4302: result: yes
configure:4312: checking for GNU libc compatible malloc
configure:4336: gcc -o conftest -g -O2   conftest.c  >&5
configure:4336: $? = 0
configure:4336: ./conftest
configure:4336: $? = 0
configure:4346: result: yes
configure:4367: checking whether time.h and sys/time.h may both be included
configure:4387: gcc -c -g -O2  conftest.c >&5
configure:4387: $? = 0
configure:4394: result: yes
configure:4408: checking for sys/time.h
configure:4408: gcc -c -g -O2  conftest.c >&5
configure:4408: $? = 0
configure:4408: result: yes
configure:4408: checking for unistd.h
configure:4408: result: yes
configure:4429: checking for alarm
configure:4429: gcc -o conftest -g -O2   conftest.c  >&5
configure:4429: $? = 0
configure:4429: result: yes
configure:4442: checking for working mktime
configure:4644: gcc -o conftest -g -O2   conftest.c  >&5
configure:4644: $? = 0
configure:4644: ./conftest
configure:4644: $? = 0
configure:4654: result: yes
configure:4667: checking for stdlib.h
configure:4667: result: yes
configure:4677: checking for GNU libc compatible realloc
configure:4701: gcc -o conftest -g -O2   conftest.c  >&5
configure:4701: $? = 0
configure:4701: ./conftest
configure:4701: $? = 0
configure:4711: result: yes
configure:4735: checking for memset
configure:4735: gcc -o conftest -g -O2   conftest.c  >&5
conftest.c:57:6: warning: conflicting types for built-in function 'memset' [enabled by default]
 char memset ();
      ^
configure:4735: $? = 0
configure:4735: result: yes
configure:4735: checking for putenv
configure:4735: gcc -o conftest -g -O2   conftest.c  >&5
configure:4735: $? = 0
configure:4735: result: yes
configure:4735: checking for strchr
configure:4735: gcc -o conftest -g -O2   conftest.c  >&5
conftest.c:59:6: warning: conflicting types for built-in function 'strchr' [enabled by default]
 char strchr ();
      ^
configure:4735: $? = 0
configure:4735: result: yes
configure:4735: checking for strdup
configure:4735: gcc -o conftest -g -O2   conftest.c  >&5
conftest.c:60:6: warning: conflicting types for built-in function 'strdup' [enabled by default]
 char strdup ();
      ^
configure:4735: $? = 0
configure:4735: result: yes
configure:4735: checking for strrchr
configure:4735: gcc -o conftest -g -O2   conftest.c  >&5
conftest.c:61:6: warning: conflicting types for built-in function 'strrchr' [enabled by default]
 char strrchr ();
      ^
configure:4735: $? = 0
configure:4735: result: yes
configure:4893: checking that generated files are newer than configure
configure:4899: result: done
configure:4922: creating ./config.status

## ---------------------- ##
## Running config.status. ##
## ---------------------- ##

This file was extended by shc config.status 3.9.6, which was
generated by GNU Autoconf 2.69.  Invocation command line was

  CONFIG_FILES    = 
  CONFIG_HEADERS  = 
  CONFIG_LINKS    = 
  CONFIG_COMMANDS = 
  $ ./config.status 

on localhost.localdomain

config.status:780: creating Makefile
config.status:780: creating src/Makefile
config.status:952: executing depfiles commands

## ---------------- ##
## Cache variables. ##
## ---------------- ##

ac_cv_c_compiler_gnu=yes
ac_cv_env_CC_set=
ac_cv_env_CC_value=
ac_cv_env_CFLAGS_set=
ac_cv_env_CFLAGS_value=
ac_cv_env_CPPFLAGS_set=
ac_cv_env_CPPFLAGS_value=
ac_cv_env_CPP_set=
ac_cv_env_CPP_value=
ac_cv_env_LDFLAGS_set=
ac_cv_env_LDFLAGS_value=
ac_cv_env_LIBS_set=
ac_cv_env_LIBS_value=
ac_cv_env_build_alias_set=
ac_cv_env_build_alias_value=
ac_cv_env_host_alias_set=
ac_cv_env_host_alias_value=
ac_cv_env_target_alias_set=
ac_cv_env_target_alias_value=
ac_cv_func_alarm=yes
ac_cv_func_malloc_0_nonnull=yes
ac_cv_func_memset=yes
ac_cv_func_putenv=yes
ac_cv_func_realloc_0_nonnull=yes
ac_cv_func_strchr=yes
ac_cv_func_strdup=yes
ac_cv_func_strrchr=yes
ac_cv_func_working_mktime=yes
ac_cv_header_fcntl_h=yes
ac_cv_header_inttypes_h=yes
ac_cv_header_memory_h=yes
ac_cv_header_stdc=yes
ac_cv_header_stdint_h=yes
ac_cv_header_stdlib_h=yes
ac_cv_header_string_h=yes
ac_cv_header_strings_h=yes
ac_cv_header_sys_stat_h=yes
ac_cv_header_sys_time_h=yes
ac_cv_header_sys_types_h=yes
ac_cv_header_time=yes
ac_cv_header_unistd_h=yes
ac_cv_member_struct_stat_st_rdev=yes
ac_cv_objext=o
ac_cv_path_EGREP='/usr/bin/grep -E'
ac_cv_path_GREP=/usr/bin/grep
ac_cv_path_install='/usr/bin/install -c'
ac_cv_path_mkdir=/usr/bin/mkdir
ac_cv_prog_AWK=gawk
ac_cv_prog_CPP='gcc -E'
ac_cv_prog_ac_ct_CC=gcc
ac_cv_prog_cc_c89=
ac_cv_prog_cc_g=yes
ac_cv_prog_make_make_set=yes
am_cv_CC_dependencies_compiler_type=gcc3
am_cv_make_support_nested_variables=yes
am_cv_prog_cc_c_o=yes

## ----------------- ##
## Output variables. ##
## ----------------- ##

ACLOCAL='${SHELL} /tmp/shc/config/missing aclocal'
AMDEPBACKSLASH='\'
AMDEP_FALSE='#'
AMDEP_TRUE=''
AMTAR='$${TAR-tar}'
AM_BACKSLASH='\'
AM_DEFAULT_V='$(AM_DEFAULT_VERBOSITY)'
AM_DEFAULT_VERBOSITY='1'
AM_V='$(V)'
AUTOCONF='${SHELL} /tmp/shc/config/missing autoconf'
AUTOHEADER='${SHELL} /tmp/shc/config/missing autoheader'
AUTOMAKE='${SHELL} /tmp/shc/config/missing automake'
AWK='gawk'
CC='gcc'
CCDEPMODE='depmode=gcc3'
CFLAGS='-g -O2'
CPP='gcc -E'
CPPFLAGS=''
CYGPATH_W='echo'
DEFS='-DPACKAGE_NAME=\"shc\" -DPACKAGE_TARNAME=\"shc\" -DPACKAGE_VERSION=\"3.9.6\" -DPACKAGE_STRING=\"shc\ 3.9.6\" -DPACKAGE_BUGREPORT=\"http://github.com/neurobin/shc/issues\" -DPACKAGE_URL=\"\" -DPACKAGE=\"shc\" -DVERSION=\"3.9.6\" -DSTDC_HEADERS=1 -DHAVE_SYS_TYPES_H=1 -DHAVE_SYS_STAT_H=1 -DHAVE_STDLIB_H=1 -DHAVE_STRING_H=1 -DHAVE_MEMORY_H=1 -DHAVE_STRINGS_H=1 -DHAVE_INTTYPES_H=1 -DHAVE_STDINT_H=1 -DHAVE_UNISTD_H=1 -DHAVE_FCNTL_H=1 -DHAVE_STDLIB_H=1 -DHAVE_STRING_H=1 -DHAVE_UNISTD_H=1 -DHAVE_STRUCT_STAT_ST_RDEV=1 -DHAVE_STDLIB_H=1 -DHAVE_MALLOC=1 -DTIME_WITH_SYS_TIME=1 -DHAVE_SYS_TIME_H=1 -DHAVE_UNISTD_H=1 -DHAVE_ALARM=1 -DHAVE_STDLIB_H=1 -DHAVE_REALLOC=1 -DHAVE_MEMSET=1 -DHAVE_PUTENV=1 -DHAVE_STRCHR=1 -DHAVE_STRDUP=1 -DHAVE_STRRCHR=1'
DEPDIR='.deps'
ECHO_C=''
ECHO_N='-n'
ECHO_T=''
EGREP='/usr/bin/grep -E'
EXEEXT=''
GREP='/usr/bin/grep'
INSTALL_DATA='${INSTALL} -m 644'
INSTALL_PROGRAM='${INSTALL}'
INSTALL_SCRIPT='${INSTALL}'
INSTALL_STRIP_PROGRAM='$(install_sh) -c -s'
LDFLAGS=''
LIBOBJS=''
LIBS=''
LTLIBOBJS=''
MAKEINFO='${SHELL} /tmp/shc/config/missing makeinfo'
MKDIR_P='/usr/bin/mkdir -p'
OBJEXT='o'
PACKAGE='shc'
PACKAGE_BUGREPORT='http://github.com/neurobin/shc/issues'
PACKAGE_NAME='shc'
PACKAGE_STRING='shc 3.9.6'
PACKAGE_TARNAME='shc'
PACKAGE_URL=''
PACKAGE_VERSION='3.9.6'
PATH_SEPARATOR=':'
SET_MAKE=''
SHELL='/bin/sh'
STRIP=''
VERSION='3.9.6'
ac_ct_CC='gcc'
am__EXEEXT_FALSE=''
am__EXEEXT_TRUE='#'
am__fastdepCC_FALSE='#'
am__fastdepCC_TRUE=''
am__include='include'
am__isrc=''
am__leading_dot='.'
am__nodep='_no'
am__quote=''
am__tar='$${TAR-tar} chof - "$$tardir"'
am__untar='$${TAR-tar} xf -'
bindir='${exec_prefix}/bin'
build_alias=''
datadir='${datarootdir}'
datarootdir='${prefix}/share'
docdir='${datarootdir}/doc/${PACKAGE_TARNAME}'
dvidir='${docdir}'
exec_prefix='${prefix}'
host_alias=''
htmldir='${docdir}'
includedir='${prefix}/include'
infodir='${datarootdir}/info'
install_sh='${SHELL} /tmp/shc/config/install-sh'
libdir='${exec_prefix}/lib'
libexecdir='${exec_prefix}/libexec'
localedir='${datarootdir}/locale'
localstatedir='${prefix}/var'
mandir='${datarootdir}/man'
mkdir_p='$(MKDIR_P)'
oldincludedir='/usr/include'
pdfdir='${docdir}'
prefix='/usr/local'
program_transform_name='s,x,x,'
psdir='${docdir}'
runstatedir='${localstatedir}/run'
sbindir='${exec_prefix}/sbin'
sharedstatedir='${prefix}/com'
sysconfdir='${prefix}/etc'
target_alias=''

## ----------- ##
## confdefs.h. ##
## ----------- ##

/* confdefs.h */
#define PACKAGE_NAME "shc"
#define PACKAGE_TARNAME "shc"
#define PACKAGE_VERSION "3.9.6"
#define PACKAGE_STRING "shc 3.9.6"
#define PACKAGE_BUGREPORT "http://github.com/neurobin/shc/issues"
#define PACKAGE_URL ""
#define PACKAGE "shc"
#define VERSION "3.9.6"
#define STDC_HEADERS 1
#define HAVE_SYS_TYPES_H 1
#define HAVE_SYS_STAT_H 1
#define HAVE_STDLIB_H 1
#define HAVE_STRING_H 1
#define HAVE_MEMORY_H 1
#define HAVE_STRINGS_H 1
#define HAVE_INTTYPES_H 1
#define HAVE_STDINT_H 1
#define HAVE_UNISTD_H 1
#define HAVE_FCNTL_H 1
#define HAVE_STDLIB_H 1
#define HAVE_STRING_H 1
#define HAVE_UNISTD_H 1
#define HAVE_STRUCT_STAT_ST_RDEV 1
#define HAVE_STDLIB_H 1
#define HAVE_MALLOC 1
#define TIME_WITH_SYS_TIME 1
#define HAVE_SYS_TIME_H 1
#define HAVE_UNISTD_H 1
#define HAVE_ALARM 1
#define HAVE_STDLIB_H 1
#define HAVE_REALLOC 1
#define HAVE_MEMSET 1
#define HAVE_PUTENV 1
#define HAVE_STRCHR 1
#define HAVE_STRDUP 1
#define HAVE_STRRCHR 1

configure: exit 0
